2020.12.01 21:56:02 INFO  Started: Metals version 0.9.7 in workspace 'C:\Users\villa\OneDrive\Escritorio\SISTEMAS PROGRAMABLES' for client vscode.
2020.12.01 21:56:09 INFO  time: initialize in 7.01s
2020.12.01 21:56:18 WARN  Build server is not auto-connectable.
2020.12.01 21:56:18 WARN  no build tool detected in workspace 'C:\Users\villa\OneDrive\Escritorio\SISTEMAS PROGRAMABLES'. The most common cause for this problem is that the editor was opened in the wrong working directory, for example if you use sbt then the workspace directory should contain build.sbt. 
2020.12.01 22:06:58 INFO  shutting down Metals
2020.12.04 16:02:47 INFO  Started: Metals version 0.9.7 in workspace 'C:\Users\villa\OneDrive\Escritorio\SISTEMAS PROGRAMABLES' for client vscode.
2020.12.04 16:02:58 INFO  time: initialize in 10s
2020.12.04 16:03:06 WARN  Build server is not auto-connectable.
2020.12.04 16:03:06 WARN  no build tool detected in workspace 'C:\Users\villa\OneDrive\Escritorio\SISTEMAS PROGRAMABLES'. The most common cause for this problem is that the editor was opened in the wrong working directory, for example if you use sbt then the workspace directory should contain build.sbt. 
dic 04, 2020 6:11:43 P. M. org.eclipse.lsp4j.jsonrpc.services.GenericEndpoint notify
INFORMACIÓN: Unsupported notification method: $/setTraceNotification
2020.12.04 19:07:06 INFO  shutting down Metals
2020.12.07 15:04:49 INFO  Started: Metals version 0.9.7 in workspace 'C:\Users\villa\OneDrive\Escritorio\SISTEMAS PROGRAMABLES' for client vscode.
2020.12.07 15:04:54 INFO  time: initialize in 4.95s
2020.12.07 15:05:01 WARN  Build server is not auto-connectable.
2020.12.07 15:05:01 WARN  no build tool detected in workspace 'C:\Users\villa\OneDrive\Escritorio\SISTEMAS PROGRAMABLES'. The most common cause for this problem is that the editor was opened in the wrong working directory, for example if you use sbt then the workspace directory should contain build.sbt. 
dic 07, 2020 3:07:51 P. M. org.eclipse.lsp4j.jsonrpc.services.GenericEndpoint notify
INFORMACIÓN: Unsupported notification method: $/setTraceNotification
2020.12.07 15:09:22 INFO  shutting down Metals
2020.12.07 18:47:48 INFO  Started: Metals version 0.9.7 in workspace 'C:\Users\villa\OneDrive\Escritorio\SISTEMAS PROGRAMABLES' for client vscode.
2020.12.07 18:48:19 INFO  time: initialize in 32s
2020.12.07 18:48:40 WARN  Build server is not auto-connectable.
2020.12.07 18:48:40 WARN  no build tool detected in workspace 'C:\Users\villa\OneDrive\Escritorio\SISTEMAS PROGRAMABLES'. The most common cause for this problem is that the editor was opened in the wrong working directory, for example if you use sbt then the workspace directory should contain build.sbt. 
dic 07, 2020 6:50:17 P. M. org.eclipse.lsp4j.jsonrpc.services.GenericEndpoint notify
INFORMACIÓN: Unsupported notification method: $/setTraceNotification
2020.12.07 19:45:09 INFO  shutting down Metals
2020.12.08 17:08:34 INFO  Started: Metals version 0.9.7 in workspace 'C:\Users\villa\OneDrive\Escritorio\SISTEMAS PROGRAMABLES' for client vscode.
2020.12.08 17:08:38 INFO  time: initialize in 4.76s
2020.12.08 17:08:41 WARN  Build server is not auto-connectable.
2020.12.08 17:08:41 WARN  no build tool detected in workspace 'C:\Users\villa\OneDrive\Escritorio\SISTEMAS PROGRAMABLES'. The most common cause for this problem is that the editor was opened in the wrong working directory, for example if you use sbt then the workspace directory should contain build.sbt. 
dic 08, 2020 5:37:12 P. M. org.eclipse.lsp4j.jsonrpc.services.GenericEndpoint notify
INFORMACIÓN: Unsupported notification method: $/setTraceNotification
2020.12.08 19:10:58 INFO  shutting down Metals
2020.12.08 23:36:10 INFO  Started: Metals version 0.9.7 in workspace 'C:\Users\villa\OneDrive\Escritorio\SISTEMAS PROGRAMABLES' for client vscode.
2020.12.08 23:36:27 INFO  time: initialize in 16s
2020.12.08 23:36:33 WARN  Build server is not auto-connectable.
2020.12.08 23:36:33 WARN  no build tool detected in workspace 'C:\Users\villa\OneDrive\Escritorio\SISTEMAS PROGRAMABLES'. The most common cause for this problem is that the editor was opened in the wrong working directory, for example if you use sbt then the workspace directory should contain build.sbt. 
dic 08, 2020 11:46:42 P. M. org.eclipse.lsp4j.jsonrpc.services.GenericEndpoint notify
INFORMACIÓN: Unsupported notification method: $/setTraceNotification
2020.12.08 23:49:02 INFO  shutting down Metals
2020.12.09 14:07:32 INFO  Started: Metals version 0.9.7 in workspace 'C:\Users\villa\OneDrive\Escritorio\SISTEMAS PROGRAMABLES' for client vscode.
2020.12.09 14:07:37 INFO  time: initialize in 5.25s
2020.12.09 14:07:40 WARN  Build server is not auto-connectable.
2020.12.09 14:07:40 WARN  no build tool detected in workspace 'C:\Users\villa\OneDrive\Escritorio\SISTEMAS PROGRAMABLES'. The most common cause for this problem is that the editor was opened in the wrong working directory, for example if you use sbt then the workspace directory should contain build.sbt. 
dic 09, 2020 2:18:12 P. M. org.eclipse.lsp4j.jsonrpc.services.GenericEndpoint notify
INFORMACIÓN: Unsupported notification method: $/setTraceNotification
2020.12.09 14:32:30 INFO  shutting down Metals
2020.12.15 15:28:40 INFO  Started: Metals version 0.9.7 in workspace 'C:\Users\villa\OneDrive\Escritorio\SISTEMAS PROGRAMABLES' for client vscode.
2020.12.15 15:28:49 INFO  time: initialize in 9.12s
2020.12.15 15:28:53 WARN  Build server is not auto-connectable.
2020.12.15 15:28:53 WARN  no build tool detected in workspace 'C:\Users\villa\OneDrive\Escritorio\SISTEMAS PROGRAMABLES'. The most common cause for this problem is that the editor was opened in the wrong working directory, for example if you use sbt then the workspace directory should contain build.sbt. 
2020.12.15 15:44:52 INFO  shutting down Metals
